android/app/build/outputs/mapping/release/mapping.txt
# compiler: R8
# compiler_version: 1.5.64
# min_api: 16
# pg_map_id: 44fc644
...
androidx.lifecycle.ClassesInfoCache -> androidx.lifecycle.c:
    java.util.Map mCallbackMap -> a
    java.util.Map mHasLifecycleMethods -> b
    androidx.lifecycle.ClassesInfoCache sInstance -> c
    1:1:java.lang.reflect.Method[] getDeclaredMethods(java.lang.Class):0:0 -> a
    1:1:androidx.lifecycle.ClassesInfoCache$CallbackInfo createInfo(java.lang.Class,java.lang.reflect.Method[]):0 -> a
    2:2:androidx.lifecycle.ClassesInfoCache$CallbackInfo createInfo(java.lang.Class,java.lang.reflect.Method[]):0:0 -> a
    3:3:java.lang.reflect.Method[] getDeclaredMethods(java.lang.Class):0:0 -> a
    3:3:androidx.lifecycle.ClassesInfoCache$CallbackInfo createInfo(java.lang.Class,java.lang.reflect.Method[]):0 -> a
    androidx.lifecycle.ClassesInfoCache$CallbackInfo getInfo(java.lang.Class) -> a
    void verifyAndPutHandler(java.util.Map,androidx.lifecycle.ClassesInfoCache$MethodReference,androidx.lifecycle.Lifecycle$Event,java.lang.Class) -> a
    1:1:java.lang.reflect.Method[] getDeclaredMethods(java.lang.Class):0:0 -> b
    1:1:boolean hasLifecycleMethods(java.lang.Class):0 -> b
    2:2:boolean hasLifecycleMethods(java.lang.Class):0:0 -> b
    3:3:java.lang.reflect.Method[] getDeclaredMethods(java.lang.Class):0:0 -> b
    3:3:boolean hasLifecycleMethods(java.lang.Class):0 -> b
androidx.lifecycle.ClassesInfoCache$CallbackInfo -> androidx.lifecycle.a:
    java.util.Map mEventToHandlers -> a
    java.util.Map mHandlerToEvent -> b
    void invokeCallbacks(androidx.lifecycle.LifecycleOwner,androidx.lifecycle.Lifecycle$Event,java.lang.Object) -> a
    void invokeMethodsForEvent(java.util.List,androidx.lifecycle.LifecycleOwner,androidx.lifecycle.Lifecycle$Event,java.lang.Object) -> a
androidx.lifecycle.ClassesInfoCache$MethodReference -> androidx.lifecycle.b:
    int mCallType -> a
    java.lang.reflect.Method mMethod -> b
    void invokeCallback(androidx.lifecycle.LifecycleOwner,androidx.lifecycle.Lifecycle$Event,java.lang.Object) -> a
androidx.lifecycle.CompositeGeneratedAdaptersObserver -> androidx.lifecycle.CompositeGeneratedAdaptersObserver:
    androidx.lifecycle.GeneratedAdapter[] mGeneratedAdapters -> a
    void onStateChanged(androidx.lifecycle.LifecycleOwner,androidx.lifecycle.Lifecycle$Event) -> a
androidx.lifecycle.FullLifecycleObserver -> androidx.lifecycle.d:
    void onResume(androidx.lifecycle.LifecycleOwner) -> a
    void onPause(androidx.lifecycle.LifecycleOwner) -> b
    void onDestroy(androidx.lifecycle.LifecycleOwner) -> c
    void onStop(androidx.lifecycle.LifecycleOwner) -> d
    void onCreate(androidx.lifecycle.LifecycleOwner) -> e
    void onStart(androidx.lifecycle.LifecycleOwner) -> f
androidx.lifecycle.FullLifecycleObserverAdapter -> androidx.lifecycle.FullLifecycleObserverAdapter:
    androidx.lifecycle.FullLifecycleObserver mFullLifecycleObserver -> a
    androidx.lifecycle.LifecycleEventObserver mLifecycleEventObserver -> b
    void onStateChanged(androidx.lifecycle.LifecycleOwner,androidx.lifecycle.Lifecycle$Event) -> a
androidx.lifecycle.GeneratedAdapter -> androidx.lifecycle.e:
    void callMethods(androidx.lifecycle.LifecycleOwner,androidx.lifecycle.Lifecycle$Event,boolean,androidx.lifecycle.MethodCallsLogger) -> a
androidx.lifecycle.GenericLifecycleObserver -> androidx.lifecycle.f:
androidx.lifecycle.Lifecycle -> androidx.lifecycle.i:
    void addObserver(androidx.lifecycle.LifecycleObserver) -> a
    androidx.lifecycle.Lifecycle$State getCurrentState() -> a
    void removeObserver(androidx.lifecycle.LifecycleObserver) -> b
androidx.lifecycle.Lifecycle$Event -> androidx.lifecycle.g:
androidx.lifecycle.Lifecycle$State -> androidx.lifecycle.h:
    androidx.lifecycle.Lifecycle$State INITIALIZED -> b
    androidx.lifecycle.Lifecycle$State DESTROYED -> a
    androidx.lifecycle.Lifecycle$State[] $VALUES -> f
    androidx.lifecycle.Lifecycle$State RESUMED -> e
    androidx.lifecycle.Lifecycle$State STARTED -> d
    androidx.lifecycle.Lifecycle$State CREATED -> c